[INFO ] 2019-09-27 16:36:47.368 [Test worker] SpringBootTestContextBootstrapper - Neither @ContextConfiguration nor @ContextHierarchy found for test class [com.choc.blog.BlogApplicationTests], using SpringBootContextLoader
[INFO ] 2019-09-27 16:36:47.402 [Test worker] AbstractContextLoader - Could not detect default resource locations for test class [com.choc.blog.BlogApplicationTests]: no resource found for suffixes {-context.xml, Context.groovy}.
[INFO ] 2019-09-27 16:36:47.409 [Test worker] AnnotationConfigContextLoaderUtils - Could not detect default configuration classes for test class [com.choc.blog.BlogApplicationTests]: BlogApplicationTests does not declare any static, non-private, non-final, nested classes annotated with @Configuration.
[INFO ] 2019-09-27 16:36:47.855 [Test worker] SpringBootTestContextBootstrapper - Found @SpringBootConfiguration com.choc.blog.BlogApplication for test class com.choc.blog.BlogApplicationTests
[INFO ] 2019-09-27 16:36:48.291 [Test worker] SpringBootTestContextBootstrapper - Loaded default TestExecutionListener class names from location [META-INF/spring.factories]: [org.springframework.boot.test.autoconfigure.restdocs.RestDocsTestExecutionListener, org.springframework.boot.test.autoconfigure.web.client.MockRestServiceServerResetTestExecutionListener, org.springframework.boot.test.autoconfigure.web.servlet.MockMvcPrintOnlyOnFailureTestExecutionListener, org.springframework.boot.test.autoconfigure.web.servlet.WebDriverTestExecutionListener, org.springframework.boot.test.mock.mockito.MockitoTestExecutionListener, org.springframework.boot.test.mock.mockito.ResetMocksTestExecutionListener, org.springframework.test.context.web.ServletTestExecutionListener, org.springframework.test.context.support.DirtiesContextBeforeModesTestExecutionListener, org.springframework.test.context.support.DependencyInjectionTestExecutionListener, org.springframework.test.context.support.DirtiesContextTestExecutionListener, org.springframework.test.context.transaction.TransactionalTestExecutionListener, org.springframework.test.context.jdbc.SqlScriptsTestExecutionListener]
[INFO ] 2019-09-27 16:36:48.379 [Test worker] SpringBootTestContextBootstrapper - Using TestExecutionListeners: [org.springframework.test.context.web.ServletTestExecutionListener@5981bd33, org.springframework.test.context.support.DirtiesContextBeforeModesTestExecutionListener@27bdd718, org.springframework.boot.test.mock.mockito.MockitoTestExecutionListener@11bf8, org.springframework.boot.test.autoconfigure.SpringBootDependencyInjectionTestExecutionListener@3fb61c87, org.springframework.test.context.support.DirtiesContextTestExecutionListener@6b8a4667, org.springframework.test.context.transaction.TransactionalTestExecutionListener@22464919, org.springframework.test.context.jdbc.SqlScriptsTestExecutionListener@2a104872, org.springframework.boot.test.autoconfigure.restdocs.RestDocsTestExecutionListener@254d2b93, org.springframework.boot.test.autoconfigure.web.client.MockRestServiceServerResetTestExecutionListener@1c4df823, org.springframework.boot.test.autoconfigure.web.servlet.MockMvcPrintOnlyOnFailureTestExecutionListener@c537432, org.springframework.boot.test.autoconfigure.web.servlet.WebDriverTestExecutionListener@2428fe12, org.springframework.boot.test.mock.mockito.ResetMocksTestExecutionListener@68f558b7]
[WARN ] 2019-09-27 16:36:49.731 [Test worker] DuplicateJsonObjectContextCustomizerFactory$DuplicateJsonObjectContextCustomizer - 

Found multiple occurrences of org.json.JSONObject on the class path:

	jar:file:/C:/Users/John/.gradle/caches/modules-2/files-2.1/org.json/json/20140107/d1ffca6e2482b002702c6a576166fd685e3370e3/json-20140107.jar!/org/json/JSONObject.class
	jar:file:/C:/Users/John/.m2/repository/com/vaadin/external/google/android-json/0.0.20131108.vaadin1/android-json-0.0.20131108.vaadin1.jar!/org/json/JSONObject.class

You may wish to exclude one of them to ensure predictable runtime behavior

[INFO ] 2019-09-27 16:36:49.816 [Test worker] BlogApplicationTests - Starting BlogApplicationTests on Acer-V3 with PID 19196 (started by John in E:\chocwell\blog)
[INFO ] 2019-09-27 16:36:49.819 [Test worker] BlogApplicationTests - No active profile set, falling back to default profiles: default
[INFO ] 2019-09-27 16:36:59.611 [Test worker] ThreadPoolTaskExecutor - Initializing ExecutorService 'applicationTaskExecutor'
[INFO ] 2019-09-27 16:37:04.745 [Test worker] BlogApplicationTests - Started BlogApplicationTests in 16.219 seconds (JVM running for 23.383)
[INFO ] 2019-09-27 16:37:07.289 [Thread-5] ThreadPoolTaskExecutor - Shutting down ExecutorService 'applicationTaskExecutor'
[INFO ] 2019-09-27 16:37:29.410 [main] BlogApplicationKt - Starting BlogApplicationKt on Acer-V3 with PID 4792 (E:\chocwell\blog\build\classes\kotlin\main started by John in E:\chocwell\blog)
[INFO ] 2019-09-27 16:37:29.447 [main] BlogApplicationKt - No active profile set, falling back to default profiles: default
[INFO ] 2019-09-27 16:37:42.750 [main] TomcatWebServer - Tomcat initialized with port(s): 8080 (http)
[INFO ] 2019-09-27 16:37:42.898 [main] Http11NioProtocol - Initializing ProtocolHandler ["http-nio-127.0.0.1-8080"]
[INFO ] 2019-09-27 16:37:42.996 [main] StandardService - Starting service [Tomcat]
[INFO ] 2019-09-27 16:37:42.998 [main] StandardEngine - Starting Servlet engine: [Apache Tomcat/9.0.17]
[INFO ] 2019-09-27 16:37:45.226 [main] [/] - Initializing Spring embedded WebApplicationContext
[INFO ] 2019-09-27 16:37:45.230 [main] ContextLoader - Root WebApplicationContext: initialization completed in 15533 ms
[INFO ] 2019-09-27 16:37:49.023 [main] ThreadPoolTaskExecutor - Initializing ExecutorService 'applicationTaskExecutor'
[INFO ] 2019-09-27 16:37:53.511 [main] Http11NioProtocol - Starting ProtocolHandler ["http-nio-127.0.0.1-8080"]
[INFO ] 2019-09-27 16:37:53.716 [main] TomcatWebServer - Tomcat started on port(s): 8080 (http) with context path ''
[INFO ] 2019-09-27 16:37:53.759 [main] BlogApplicationKt - Started BlogApplicationKt in 26.114 seconds (JVM running for 31.057)
[INFO ] 2019-09-27 16:39:29.904 [http-nio-127.0.0.1-8080-exec-1] [/] - Initializing Spring DispatcherServlet 'dispatcherServlet'
[INFO ] 2019-09-27 16:39:29.905 [http-nio-127.0.0.1-8080-exec-1] DispatcherServlet - Initializing Servlet 'dispatcherServlet'
[INFO ] 2019-09-27 16:39:29.969 [http-nio-127.0.0.1-8080-exec-1] DispatcherServlet - Completed initialization in 64 ms
[INFO ] 2019-09-27 16:39:30.853 [http-nio-127.0.0.1-8080-exec-1] UserService - 用户名john
[INFO ] 2019-09-27 16:39:30.854 [http-nio-127.0.0.1-8080-exec-1] UserService - 性别1
[INFO ] 2019-09-27 16:39:30.854 [http-nio-127.0.0.1-8080-exec-1] UserService - 手机号18615632851
[INFO ] 2019-09-27 16:39:31.230 [http-nio-127.0.0.1-8080-exec-1] BootupClassPathSearch - Classpath search entities[1] searchTime[217] in packages[[]]
[INFO ] 2019-09-27 16:39:31.269 [http-nio-127.0.0.1-8080-exec-1] ConnectionPool - DataSourcePool [db] autoCommit[false] transIsolation[READ_COMMITTED] min[2] max[100]
[INFO ] 2019-09-27 16:39:32.163 [http-nio-127.0.0.1-8080-exec-1] DefaultContainer - DatabasePlatform name:db platform:postgres
[ERROR] 2019-09-27 16:39:33.507 [http-nio-127.0.0.1-8080-exec-1] UserService - save user failed
javax.persistence.PersistenceException: ERROR executing DML bindLog[] error[错误: 语法错误 在 "user" 或附近的\n   位置：13]
	at io.ebeaninternal.server.persist.dml.DmlBeanPersister.execute(DmlBeanPersister.java:85) ~[ebean-10.1.5.jar:?]
	at io.ebeaninternal.server.persist.dml.DmlBeanPersister.insert(DmlBeanPersister.java:50) ~[ebean-10.1.5.jar:?]
	at io.ebeaninternal.server.core.PersistRequestBean.executeInsert(PersistRequestBean.java:1080) ~[ebean-10.1.5.jar:?]
	at io.ebeaninternal.server.core.PersistRequestBean.executeNow(PersistRequestBean.java:664) ~[ebean-10.1.5.jar:?]
	at io.ebeaninternal.server.core.PersistRequestBean.executeOrQueue(PersistRequestBean.java:710) ~[ebean-10.1.5.jar:?]
	at io.ebeaninternal.server.persist.DefaultPersister.insert(DefaultPersister.java:449) ~[ebean-10.1.5.jar:?]
	at io.ebeaninternal.server.persist.DefaultPersister.insert(DefaultPersister.java:399) ~[ebean-10.1.5.jar:?]
	at io.ebeaninternal.server.core.DefaultServer.insert(DefaultServer.java:1549) ~[ebean-10.1.5.jar:?]
	at io.ebeaninternal.server.core.DefaultServer.insert(DefaultServer.java:1542) ~[ebean-10.1.5.jar:?]
	at io.ebean.Model.insert(Model.java:208) ~[ebean-10.1.5.jar:?]
	at com.choc.blog.service.UserService.addUser(UserService.kt:32) [main/:?]
	at com.choc.blog.controller.user.UserController.add(UserController.kt:29) [main/:?]
	at sun.reflect.NativeMethodAccessorImpl.invoke0(Native Method) ~[?:1.8.0_131]
	at sun.reflect.NativeMethodAccessorImpl.invoke(NativeMethodAccessorImpl.java:62) ~[?:1.8.0_131]
	at sun.reflect.DelegatingMethodAccessorImpl.invoke(DelegatingMethodAccessorImpl.java:43) ~[?:1.8.0_131]
	at java.lang.reflect.Method.invoke(Method.java:498) ~[?:1.8.0_131]
	at org.springframework.web.method.support.InvocableHandlerMethod.doInvoke(InvocableHandlerMethod.java:189) [spring-web-5.1.6.RELEASE.jar:5.1.6.RELEASE]
	at org.springframework.web.method.support.InvocableHandlerMethod.invokeForRequest(InvocableHandlerMethod.java:138) [spring-web-5.1.6.RELEASE.jar:5.1.6.RELEASE]
	at org.springframework.web.servlet.mvc.method.annotation.ServletInvocableHandlerMethod.invokeAndHandle(ServletInvocableHandlerMethod.java:102) [spring-webmvc-5.1.6.RELEASE.jar:5.1.6.RELEASE]
	at org.springframework.web.servlet.mvc.method.annotation.RequestMappingHandlerAdapter.invokeHandlerMethod(RequestMappingHandlerAdapter.java:892) [spring-webmvc-5.1.6.RELEASE.jar:5.1.6.RELEASE]
	at org.springframework.web.servlet.mvc.method.annotation.RequestMappingHandlerAdapter.handleInternal(RequestMappingHandlerAdapter.java:797) [spring-webmvc-5.1.6.RELEASE.jar:5.1.6.RELEASE]
	at org.springframework.web.servlet.mvc.method.AbstractHandlerMethodAdapter.handle(AbstractHandlerMethodAdapter.java:87) [spring-webmvc-5.1.6.RELEASE.jar:5.1.6.RELEASE]
	at org.springframework.web.servlet.DispatcherServlet.doDispatch(DispatcherServlet.java:1038) [spring-webmvc-5.1.6.RELEASE.jar:5.1.6.RELEASE]
	at org.springframework.web.servlet.DispatcherServlet.doService(DispatcherServlet.java:942) [spring-webmvc-5.1.6.RELEASE.jar:5.1.6.RELEASE]
	at org.springframework.web.servlet.FrameworkServlet.processRequest(FrameworkServlet.java:1005) [spring-webmvc-5.1.6.RELEASE.jar:5.1.6.RELEASE]
	at org.springframework.web.servlet.FrameworkServlet.doGet(FrameworkServlet.java:897) [spring-webmvc-5.1.6.RELEASE.jar:5.1.6.RELEASE]
	at javax.servlet.http.HttpServlet.service(HttpServlet.java:634) [tomcat-embed-core-9.0.17.jar:9.0.17]
	at org.springframework.web.servlet.FrameworkServlet.service(FrameworkServlet.java:882) [spring-webmvc-5.1.6.RELEASE.jar:5.1.6.RELEASE]
	at javax.servlet.http.HttpServlet.service(HttpServlet.java:741) [tomcat-embed-core-9.0.17.jar:9.0.17]
	at org.apache.catalina.core.ApplicationFilterChain.internalDoFilter(ApplicationFilterChain.java:231) [tomcat-embed-core-9.0.17.jar:9.0.17]
	at org.apache.catalina.core.ApplicationFilterChain.doFilter(ApplicationFilterChain.java:166) [tomcat-embed-core-9.0.17.jar:9.0.17]
	at org.apache.tomcat.websocket.server.WsFilter.doFilter(WsFilter.java:53) [tomcat-embed-websocket-9.0.17.jar:9.0.17]
	at org.apache.catalina.core.ApplicationFilterChain.internalDoFilter(ApplicationFilterChain.java:193) [tomcat-embed-core-9.0.17.jar:9.0.17]
	at org.apache.catalina.core.ApplicationFilterChain.doFilter(ApplicationFilterChain.java:166) [tomcat-embed-core-9.0.17.jar:9.0.17]
	at org.springframework.web.filter.RequestContextFilter.doFilterInternal(RequestContextFilter.java:99) [spring-web-5.1.6.RELEASE.jar:5.1.6.RELEASE]
	at org.springframework.web.filter.OncePerRequestFilter.doFilter(OncePerRequestFilter.java:107) [spring-web-5.1.6.RELEASE.jar:5.1.6.RELEASE]
	at org.apache.catalina.core.ApplicationFilterChain.internalDoFilter(ApplicationFilterChain.java:193) [tomcat-embed-core-9.0.17.jar:9.0.17]
	at org.apache.catalina.core.ApplicationFilterChain.doFilter(ApplicationFilterChain.java:166) [tomcat-embed-core-9.0.17.jar:9.0.17]
	at org.springframework.web.filter.FormContentFilter.doFilterInternal(FormContentFilter.java:92) [spring-web-5.1.6.RELEASE.jar:5.1.6.RELEASE]
	at org.springframework.web.filter.OncePerRequestFilter.doFilter(OncePerRequestFilter.java:107) [spring-web-5.1.6.RELEASE.jar:5.1.6.RELEASE]
	at org.apache.catalina.core.ApplicationFilterChain.internalDoFilter(ApplicationFilterChain.java:193) [tomcat-embed-core-9.0.17.jar:9.0.17]
	at org.apache.catalina.core.ApplicationFilterChain.doFilter(ApplicationFilterChain.java:166) [tomcat-embed-core-9.0.17.jar:9.0.17]
	at org.springframework.web.filter.HiddenHttpMethodFilter.doFilterInternal(HiddenHttpMethodFilter.java:93) [spring-web-5.1.6.RELEASE.jar:5.1.6.RELEASE]
	at org.springframework.web.filter.OncePerRequestFilter.doFilter(OncePerRequestFilter.java:107) [spring-web-5.1.6.RELEASE.jar:5.1.6.RELEASE]
	at org.apache.catalina.core.ApplicationFilterChain.internalDoFilter(ApplicationFilterChain.java:193) [tomcat-embed-core-9.0.17.jar:9.0.17]
	at org.apache.catalina.core.ApplicationFilterChain.doFilter(ApplicationFilterChain.java:166) [tomcat-embed-core-9.0.17.jar:9.0.17]
	at org.springframework.web.filter.CharacterEncodingFilter.doFilterInternal(CharacterEncodingFilter.java:200) [spring-web-5.1.6.RELEASE.jar:5.1.6.RELEASE]
	at org.springframework.web.filter.OncePerRequestFilter.doFilter(OncePerRequestFilter.java:107) [spring-web-5.1.6.RELEASE.jar:5.1.6.RELEASE]
	at org.apache.catalina.core.ApplicationFilterChain.internalDoFilter(ApplicationFilterChain.java:193) [tomcat-embed-core-9.0.17.jar:9.0.17]
	at org.apache.catalina.core.ApplicationFilterChain.doFilter(ApplicationFilterChain.java:166) [tomcat-embed-core-9.0.17.jar:9.0.17]
	at org.apache.catalina.core.StandardWrapperValve.invoke(StandardWrapperValve.java:200) [tomcat-embed-core-9.0.17.jar:9.0.17]
	at org.apache.catalina.core.StandardContextValve.invoke(StandardContextValve.java:96) [tomcat-embed-core-9.0.17.jar:9.0.17]
	at org.apache.catalina.authenticator.AuthenticatorBase.invoke(AuthenticatorBase.java:490) [tomcat-embed-core-9.0.17.jar:9.0.17]
	at org.apache.catalina.core.StandardHostValve.invoke(StandardHostValve.java:139) [tomcat-embed-core-9.0.17.jar:9.0.17]
	at org.apache.catalina.valves.ErrorReportValve.invoke(ErrorReportValve.java:92) [tomcat-embed-core-9.0.17.jar:9.0.17]
	at org.apache.catalina.core.StandardEngineValve.invoke(StandardEngineValve.java:74) [tomcat-embed-core-9.0.17.jar:9.0.17]
	at org.apache.catalina.connector.CoyoteAdapter.service(CoyoteAdapter.java:343) [tomcat-embed-core-9.0.17.jar:9.0.17]
	at org.apache.coyote.http11.Http11Processor.service(Http11Processor.java:408) [tomcat-embed-core-9.0.17.jar:9.0.17]
	at org.apache.coyote.AbstractProcessorLight.process(AbstractProcessorLight.java:66) [tomcat-embed-core-9.0.17.jar:9.0.17]
	at org.apache.coyote.AbstractProtocol$ConnectionHandler.process(AbstractProtocol.java:834) [tomcat-embed-core-9.0.17.jar:9.0.17]
	at org.apache.tomcat.util.net.NioEndpoint$SocketProcessor.doRun(NioEndpoint.java:1415) [tomcat-embed-core-9.0.17.jar:9.0.17]
	at org.apache.tomcat.util.net.SocketProcessorBase.run(SocketProcessorBase.java:49) [tomcat-embed-core-9.0.17.jar:9.0.17]
	at java.util.concurrent.ThreadPoolExecutor.runWorker(ThreadPoolExecutor.java:1142) [?:1.8.0_131]
	at java.util.concurrent.ThreadPoolExecutor$Worker.run(ThreadPoolExecutor.java:617) [?:1.8.0_131]
	at org.apache.tomcat.util.threads.TaskThread$WrappingRunnable.run(TaskThread.java:61) [tomcat-embed-core-9.0.17.jar:9.0.17]
	at java.lang.Thread.run(Thread.java:748) [?:1.8.0_131]
Caused by: org.postgresql.util.PSQLException: 错误: 语法错误 在 "user" 或附近的
  位置：13
	at org.postgresql.core.v3.QueryExecutorImpl.receiveErrorResponse(QueryExecutorImpl.java:2440) ~[postgresql-42.2.5.jar:42.2.5]
	at org.postgresql.core.v3.QueryExecutorImpl.processResults(QueryExecutorImpl.java:2183) ~[postgresql-42.2.5.jar:42.2.5]
	at org.postgresql.core.v3.QueryExecutorImpl.execute(QueryExecutorImpl.java:308) ~[postgresql-42.2.5.jar:42.2.5]
	at org.postgresql.jdbc.PgStatement.executeInternal(PgStatement.java:441) ~[postgresql-42.2.5.jar:42.2.5]
	at org.postgresql.jdbc.PgStatement.execute(PgStatement.java:365) ~[postgresql-42.2.5.jar:42.2.5]
	at org.postgresql.jdbc.PgPreparedStatement.executeWithFlags(PgPreparedStatement.java:143) ~[postgresql-42.2.5.jar:42.2.5]
	at org.postgresql.jdbc.PgPreparedStatement.executeUpdate(PgPreparedStatement.java:120) ~[postgresql-42.2.5.jar:42.2.5]
	at io.ebeaninternal.server.type.DataBind.executeUpdate(DataBind.java:82) ~[ebean-10.1.5.jar:?]
	at io.ebeaninternal.server.persist.dml.InsertHandler.execute(InsertHandler.java:122) ~[ebean-10.1.5.jar:?]
	at io.ebeaninternal.server.persist.dml.DmlBeanPersister.execute(DmlBeanPersister.java:75) ~[ebean-10.1.5.jar:?]
	... 65 more
[ERROR] 2019-09-27 16:39:33.586 [http-nio-127.0.0.1-8080-exec-1] [dispatcherServlet] - Servlet.service() for servlet [dispatcherServlet] in context with path [] threw exception [Request processing failed; nested exception is com.choc.blog.util.exception.ServiceException] with root cause
com.choc.blog.util.exception.ServiceException: null
	at com.choc.blog.service.UserService.addUser(UserService.kt:39) ~[main/:?]
	at com.choc.blog.controller.user.UserController.add(UserController.kt:29) ~[main/:?]
	at sun.reflect.NativeMethodAccessorImpl.invoke0(Native Method) ~[?:1.8.0_131]
	at sun.reflect.NativeMethodAccessorImpl.invoke(NativeMethodAccessorImpl.java:62) ~[?:1.8.0_131]
	at sun.reflect.DelegatingMethodAccessorImpl.invoke(DelegatingMethodAccessorImpl.java:43) ~[?:1.8.0_131]
	at java.lang.reflect.Method.invoke(Method.java:498) ~[?:1.8.0_131]
	at org.springframework.web.method.support.InvocableHandlerMethod.doInvoke(InvocableHandlerMethod.java:189) ~[spring-web-5.1.6.RELEASE.jar:5.1.6.RELEASE]
	at org.springframework.web.method.support.InvocableHandlerMethod.invokeForRequest(InvocableHandlerMethod.java:138) ~[spring-web-5.1.6.RELEASE.jar:5.1.6.RELEASE]
	at org.springframework.web.servlet.mvc.method.annotation.ServletInvocableHandlerMethod.invokeAndHandle(ServletInvocableHandlerMethod.java:102) ~[spring-webmvc-5.1.6.RELEASE.jar:5.1.6.RELEASE]
	at org.springframework.web.servlet.mvc.method.annotation.RequestMappingHandlerAdapter.invokeHandlerMethod(RequestMappingHandlerAdapter.java:892) ~[spring-webmvc-5.1.6.RELEASE.jar:5.1.6.RELEASE]
	at org.springframework.web.servlet.mvc.method.annotation.RequestMappingHandlerAdapter.handleInternal(RequestMappingHandlerAdapter.java:797) ~[spring-webmvc-5.1.6.RELEASE.jar:5.1.6.RELEASE]
	at org.springframework.web.servlet.mvc.method.AbstractHandlerMethodAdapter.handle(AbstractHandlerMethodAdapter.java:87) ~[spring-webmvc-5.1.6.RELEASE.jar:5.1.6.RELEASE]
	at org.springframework.web.servlet.DispatcherServlet.doDispatch(DispatcherServlet.java:1038) ~[spring-webmvc-5.1.6.RELEASE.jar:5.1.6.RELEASE]
	at org.springframework.web.servlet.DispatcherServlet.doService(DispatcherServlet.java:942) ~[spring-webmvc-5.1.6.RELEASE.jar:5.1.6.RELEASE]
	at org.springframework.web.servlet.FrameworkServlet.processRequest(FrameworkServlet.java:1005) ~[spring-webmvc-5.1.6.RELEASE.jar:5.1.6.RELEASE]
	at org.springframework.web.servlet.FrameworkServlet.doGet(FrameworkServlet.java:897) ~[spring-webmvc-5.1.6.RELEASE.jar:5.1.6.RELEASE]
	at javax.servlet.http.HttpServlet.service(HttpServlet.java:634) ~[tomcat-embed-core-9.0.17.jar:9.0.17]
	at org.springframework.web.servlet.FrameworkServlet.service(FrameworkServlet.java:882) ~[spring-webmvc-5.1.6.RELEASE.jar:5.1.6.RELEASE]
	at javax.servlet.http.HttpServlet.service(HttpServlet.java:741) ~[tomcat-embed-core-9.0.17.jar:9.0.17]
	at org.apache.catalina.core.ApplicationFilterChain.internalDoFilter(ApplicationFilterChain.java:231) ~[tomcat-embed-core-9.0.17.jar:9.0.17]
	at org.apache.catalina.core.ApplicationFilterChain.doFilter(ApplicationFilterChain.java:166) ~[tomcat-embed-core-9.0.17.jar:9.0.17]
	at org.apache.tomcat.websocket.server.WsFilter.doFilter(WsFilter.java:53) ~[tomcat-embed-websocket-9.0.17.jar:9.0.17]
	at org.apache.catalina.core.ApplicationFilterChain.internalDoFilter(ApplicationFilterChain.java:193) ~[tomcat-embed-core-9.0.17.jar:9.0.17]
	at org.apache.catalina.core.ApplicationFilterChain.doFilter(ApplicationFilterChain.java:166) ~[tomcat-embed-core-9.0.17.jar:9.0.17]
	at org.springframework.web.filter.RequestContextFilter.doFilterInternal(RequestContextFilter.java:99) ~[spring-web-5.1.6.RELEASE.jar:5.1.6.RELEASE]
	at org.springframework.web.filter.OncePerRequestFilter.doFilter(OncePerRequestFilter.java:107) ~[spring-web-5.1.6.RELEASE.jar:5.1.6.RELEASE]
	at org.apache.catalina.core.ApplicationFilterChain.internalDoFilter(ApplicationFilterChain.java:193) ~[tomcat-embed-core-9.0.17.jar:9.0.17]
	at org.apache.catalina.core.ApplicationFilterChain.doFilter(ApplicationFilterChain.java:166) ~[tomcat-embed-core-9.0.17.jar:9.0.17]
	at org.springframework.web.filter.FormContentFilter.doFilterInternal(FormContentFilter.java:92) ~[spring-web-5.1.6.RELEASE.jar:5.1.6.RELEASE]
	at org.springframework.web.filter.OncePerRequestFilter.doFilter(OncePerRequestFilter.java:107) ~[spring-web-5.1.6.RELEASE.jar:5.1.6.RELEASE]
	at org.apache.catalina.core.ApplicationFilterChain.internalDoFilter(ApplicationFilterChain.java:193) ~[tomcat-embed-core-9.0.17.jar:9.0.17]
	at org.apache.catalina.core.ApplicationFilterChain.doFilter(ApplicationFilterChain.java:166) ~[tomcat-embed-core-9.0.17.jar:9.0.17]
	at org.springframework.web.filter.HiddenHttpMethodFilter.doFilterInternal(HiddenHttpMethodFilter.java:93) ~[spring-web-5.1.6.RELEASE.jar:5.1.6.RELEASE]
	at org.springframework.web.filter.OncePerRequestFilter.doFilter(OncePerRequestFilter.java:107) ~[spring-web-5.1.6.RELEASE.jar:5.1.6.RELEASE]
	at org.apache.catalina.core.ApplicationFilterChain.internalDoFilter(ApplicationFilterChain.java:193) ~[tomcat-embed-core-9.0.17.jar:9.0.17]
	at org.apache.catalina.core.ApplicationFilterChain.doFilter(ApplicationFilterChain.java:166) ~[tomcat-embed-core-9.0.17.jar:9.0.17]
	at org.springframework.web.filter.CharacterEncodingFilter.doFilterInternal(CharacterEncodingFilter.java:200) ~[spring-web-5.1.6.RELEASE.jar:5.1.6.RELEASE]
	at org.springframework.web.filter.OncePerRequestFilter.doFilter(OncePerRequestFilter.java:107) ~[spring-web-5.1.6.RELEASE.jar:5.1.6.RELEASE]
	at org.apache.catalina.core.ApplicationFilterChain.internalDoFilter(ApplicationFilterChain.java:193) ~[tomcat-embed-core-9.0.17.jar:9.0.17]
	at org.apache.catalina.core.ApplicationFilterChain.doFilter(ApplicationFilterChain.java:166) ~[tomcat-embed-core-9.0.17.jar:9.0.17]
	at org.apache.catalina.core.StandardWrapperValve.invoke(StandardWrapperValve.java:200) [tomcat-embed-core-9.0.17.jar:9.0.17]
	at org.apache.catalina.core.StandardContextValve.invoke(StandardContextValve.java:96) [tomcat-embed-core-9.0.17.jar:9.0.17]
	at org.apache.catalina.authenticator.AuthenticatorBase.invoke(AuthenticatorBase.java:490) [tomcat-embed-core-9.0.17.jar:9.0.17]
	at org.apache.catalina.core.StandardHostValve.invoke(StandardHostValve.java:139) [tomcat-embed-core-9.0.17.jar:9.0.17]
	at org.apache.catalina.valves.ErrorReportValve.invoke(ErrorReportValve.java:92) [tomcat-embed-core-9.0.17.jar:9.0.17]
	at org.apache.catalina.core.StandardEngineValve.invoke(StandardEngineValve.java:74) [tomcat-embed-core-9.0.17.jar:9.0.17]
	at org.apache.catalina.connector.CoyoteAdapter.service(CoyoteAdapter.java:343) [tomcat-embed-core-9.0.17.jar:9.0.17]
	at org.apache.coyote.http11.Http11Processor.service(Http11Processor.java:408) [tomcat-embed-core-9.0.17.jar:9.0.17]
	at org.apache.coyote.AbstractProcessorLight.process(AbstractProcessorLight.java:66) [tomcat-embed-core-9.0.17.jar:9.0.17]
	at org.apache.coyote.AbstractProtocol$ConnectionHandler.process(AbstractProtocol.java:834) [tomcat-embed-core-9.0.17.jar:9.0.17]
	at org.apache.tomcat.util.net.NioEndpoint$SocketProcessor.doRun(NioEndpoint.java:1415) [tomcat-embed-core-9.0.17.jar:9.0.17]
	at org.apache.tomcat.util.net.SocketProcessorBase.run(SocketProcessorBase.java:49) [tomcat-embed-core-9.0.17.jar:9.0.17]
	at java.util.concurrent.ThreadPoolExecutor.runWorker(ThreadPoolExecutor.java:1142) [?:1.8.0_131]
	at java.util.concurrent.ThreadPoolExecutor$Worker.run(ThreadPoolExecutor.java:617) [?:1.8.0_131]
	at org.apache.tomcat.util.threads.TaskThread$WrappingRunnable.run(TaskThread.java:61) [tomcat-embed-core-9.0.17.jar:9.0.17]
	at java.lang.Thread.run(Thread.java:748) [?:1.8.0_131]
[INFO ] 2019-09-27 16:40:44.056 [main] BlogApplicationKt - Starting BlogApplicationKt on Acer-V3 with PID 4448 (E:\chocwell\blog\build\classes\kotlin\main started by John in E:\chocwell\blog)
[INFO ] 2019-09-27 16:40:44.086 [main] BlogApplicationKt - No active profile set, falling back to default profiles: default
[INFO ] 2019-09-27 16:40:52.498 [main] TomcatWebServer - Tomcat initialized with port(s): 8080 (http)
[INFO ] 2019-09-27 16:40:52.600 [main] Http11NioProtocol - Initializing ProtocolHandler ["http-nio-127.0.0.1-8080"]
[INFO ] 2019-09-27 16:40:52.650 [main] StandardService - Starting service [Tomcat]
[INFO ] 2019-09-27 16:40:52.652 [main] StandardEngine - Starting Servlet engine: [Apache Tomcat/9.0.17]
[INFO ] 2019-09-27 16:40:53.650 [main] [/] - Initializing Spring embedded WebApplicationContext
[INFO ] 2019-09-27 16:40:53.651 [main] ContextLoader - Root WebApplicationContext: initialization completed in 9248 ms
[INFO ] 2019-09-27 16:40:55.652 [main] ThreadPoolTaskExecutor - Initializing ExecutorService 'applicationTaskExecutor'
[INFO ] 2019-09-27 16:40:59.674 [main] Http11NioProtocol - Starting ProtocolHandler ["http-nio-127.0.0.1-8080"]
[INFO ] 2019-09-27 16:40:59.793 [main] TomcatWebServer - Tomcat started on port(s): 8080 (http) with context path ''
[INFO ] 2019-09-27 16:40:59.805 [main] BlogApplicationKt - Started BlogApplicationKt in 17.495 seconds (JVM running for 20.665)
[INFO ] 2019-09-27 16:41:05.677 [http-nio-127.0.0.1-8080-exec-1] [/] - Initializing Spring DispatcherServlet 'dispatcherServlet'
[INFO ] 2019-09-27 16:41:05.678 [http-nio-127.0.0.1-8080-exec-1] DispatcherServlet - Initializing Servlet 'dispatcherServlet'
[INFO ] 2019-09-27 16:41:05.700 [http-nio-127.0.0.1-8080-exec-1] DispatcherServlet - Completed initialization in 22 ms
[INFO ] 2019-09-27 16:41:06.674 [http-nio-127.0.0.1-8080-exec-1] UserService - 用户名john
[INFO ] 2019-09-27 16:41:06.677 [http-nio-127.0.0.1-8080-exec-1] UserService - 性别1
[INFO ] 2019-09-27 16:41:06.678 [http-nio-127.0.0.1-8080-exec-1] UserService - 手机号18615632851
[INFO ] 2019-09-27 16:41:06.952 [http-nio-127.0.0.1-8080-exec-1] BootupClassPathSearch - Classpath search entities[1] searchTime[89] in packages[[]]
[INFO ] 2019-09-27 16:41:07.016 [http-nio-127.0.0.1-8080-exec-1] ConnectionPool - DataSourcePool [db] autoCommit[false] transIsolation[READ_COMMITTED] min[2] max[100]
[INFO ] 2019-09-27 16:41:08.918 [http-nio-127.0.0.1-8080-exec-1] DefaultContainer - DatabasePlatform name:db platform:postgres
[ERROR] 2019-09-27 16:41:10.555 [http-nio-127.0.0.1-8080-exec-1] UserService - save user failed
javax.persistence.PersistenceException: ERROR executing DML bindLog[] error[错误: 语法错误 在 "user" 或附近的\n   位置：13]
	at io.ebeaninternal.server.persist.dml.DmlBeanPersister.execute(DmlBeanPersister.java:85) ~[ebean-10.1.5.jar:?]
	at io.ebeaninternal.server.persist.dml.DmlBeanPersister.insert(DmlBeanPersister.java:50) ~[ebean-10.1.5.jar:?]
	at io.ebeaninternal.server.core.PersistRequestBean.executeInsert(PersistRequestBean.java:1080) ~[ebean-10.1.5.jar:?]
	at io.ebeaninternal.server.core.PersistRequestBean.executeNow(PersistRequestBean.java:664) ~[ebean-10.1.5.jar:?]
	at io.ebeaninternal.server.core.PersistRequestBean.executeOrQueue(PersistRequestBean.java:710) ~[ebean-10.1.5.jar:?]
	at io.ebeaninternal.server.persist.DefaultPersister.insert(DefaultPersister.java:449) ~[ebean-10.1.5.jar:?]
	at io.ebeaninternal.server.persist.DefaultPersister.insert(DefaultPersister.java:399) ~[ebean-10.1.5.jar:?]
	at io.ebeaninternal.server.persist.DefaultPersister.save(DefaultPersister.java:387) ~[ebean-10.1.5.jar:?]
	at io.ebeaninternal.server.core.DefaultServer.save(DefaultServer.java:1476) ~[ebean-10.1.5.jar:?]
	at io.ebeaninternal.server.core.DefaultServer.save(DefaultServer.java:1469) ~[ebean-10.1.5.jar:?]
	at io.ebean.Model.save(Model.java:190) ~[ebean-10.1.5.jar:?]
	at com.choc.blog.service.UserService.addUser(UserService.kt:32) [main/:?]
	at com.choc.blog.controller.user.UserController.add(UserController.kt:29) [main/:?]
	at sun.reflect.NativeMethodAccessorImpl.invoke0(Native Method) ~[?:1.8.0_131]
	at sun.reflect.NativeMethodAccessorImpl.invoke(NativeMethodAccessorImpl.java:62) ~[?:1.8.0_131]
	at sun.reflect.DelegatingMethodAccessorImpl.invoke(DelegatingMethodAccessorImpl.java:43) ~[?:1.8.0_131]
	at java.lang.reflect.Method.invoke(Method.java:498) ~[?:1.8.0_131]
	at org.springframework.web.method.support.InvocableHandlerMethod.doInvoke(InvocableHandlerMethod.java:189) [spring-web-5.1.6.RELEASE.jar:5.1.6.RELEASE]
	at org.springframework.web.method.support.InvocableHandlerMethod.invokeForRequest(InvocableHandlerMethod.java:138) [spring-web-5.1.6.RELEASE.jar:5.1.6.RELEASE]
	at org.springframework.web.servlet.mvc.method.annotation.ServletInvocableHandlerMethod.invokeAndHandle(ServletInvocableHandlerMethod.java:102) [spring-webmvc-5.1.6.RELEASE.jar:5.1.6.RELEASE]
	at org.springframework.web.servlet.mvc.method.annotation.RequestMappingHandlerAdapter.invokeHandlerMethod(RequestMappingHandlerAdapter.java:892) [spring-webmvc-5.1.6.RELEASE.jar:5.1.6.RELEASE]
	at org.springframework.web.servlet.mvc.method.annotation.RequestMappingHandlerAdapter.handleInternal(RequestMappingHandlerAdapter.java:797) [spring-webmvc-5.1.6.RELEASE.jar:5.1.6.RELEASE]
	at org.springframework.web.servlet.mvc.method.AbstractHandlerMethodAdapter.handle(AbstractHandlerMethodAdapter.java:87) [spring-webmvc-5.1.6.RELEASE.jar:5.1.6.RELEASE]
	at org.springframework.web.servlet.DispatcherServlet.doDispatch(DispatcherServlet.java:1038) [spring-webmvc-5.1.6.RELEASE.jar:5.1.6.RELEASE]
	at org.springframework.web.servlet.DispatcherServlet.doService(DispatcherServlet.java:942) [spring-webmvc-5.1.6.RELEASE.jar:5.1.6.RELEASE]
	at org.springframework.web.servlet.FrameworkServlet.processRequest(FrameworkServlet.java:1005) [spring-webmvc-5.1.6.RELEASE.jar:5.1.6.RELEASE]
	at org.springframework.web.servlet.FrameworkServlet.doGet(FrameworkServlet.java:897) [spring-webmvc-5.1.6.RELEASE.jar:5.1.6.RELEASE]
	at javax.servlet.http.HttpServlet.service(HttpServlet.java:634) [tomcat-embed-core-9.0.17.jar:9.0.17]
	at org.springframework.web.servlet.FrameworkServlet.service(FrameworkServlet.java:882) [spring-webmvc-5.1.6.RELEASE.jar:5.1.6.RELEASE]
	at javax.servlet.http.HttpServlet.service(HttpServlet.java:741) [tomcat-embed-core-9.0.17.jar:9.0.17]
	at org.apache.catalina.core.ApplicationFilterChain.internalDoFilter(ApplicationFilterChain.java:231) [tomcat-embed-core-9.0.17.jar:9.0.17]
	at org.apache.catalina.core.ApplicationFilterChain.doFilter(ApplicationFilterChain.java:166) [tomcat-embed-core-9.0.17.jar:9.0.17]
	at org.apache.tomcat.websocket.server.WsFilter.doFilter(WsFilter.java:53) [tomcat-embed-websocket-9.0.17.jar:9.0.17]
	at org.apache.catalina.core.ApplicationFilterChain.internalDoFilter(ApplicationFilterChain.java:193) [tomcat-embed-core-9.0.17.jar:9.0.17]
	at org.apache.catalina.core.ApplicationFilterChain.doFilter(ApplicationFilterChain.java:166) [tomcat-embed-core-9.0.17.jar:9.0.17]
	at org.springframework.web.filter.RequestContextFilter.doFilterInternal(RequestContextFilter.java:99) [spring-web-5.1.6.RELEASE.jar:5.1.6.RELEASE]
	at org.springframework.web.filter.OncePerRequestFilter.doFilter(OncePerRequestFilter.java:107) [spring-web-5.1.6.RELEASE.jar:5.1.6.RELEASE]
	at org.apache.catalina.core.ApplicationFilterChain.internalDoFilter(ApplicationFilterChain.java:193) [tomcat-embed-core-9.0.17.jar:9.0.17]
	at org.apache.catalina.core.ApplicationFilterChain.doFilter(ApplicationFilterChain.java:166) [tomcat-embed-core-9.0.17.jar:9.0.17]
	at org.springframework.web.filter.FormContentFilter.doFilterInternal(FormContentFilter.java:92) [spring-web-5.1.6.RELEASE.jar:5.1.6.RELEASE]
	at org.springframework.web.filter.OncePerRequestFilter.doFilter(OncePerRequestFilter.java:107) [spring-web-5.1.6.RELEASE.jar:5.1.6.RELEASE]
	at org.apache.catalina.core.ApplicationFilterChain.internalDoFilter(ApplicationFilterChain.java:193) [tomcat-embed-core-9.0.17.jar:9.0.17]
	at org.apache.catalina.core.ApplicationFilterChain.doFilter(ApplicationFilterChain.java:166) [tomcat-embed-core-9.0.17.jar:9.0.17]
	at org.springframework.web.filter.HiddenHttpMethodFilter.doFilterInternal(HiddenHttpMethodFilter.java:93) [spring-web-5.1.6.RELEASE.jar:5.1.6.RELEASE]
	at org.springframework.web.filter.OncePerRequestFilter.doFilter(OncePerRequestFilter.java:107) [spring-web-5.1.6.RELEASE.jar:5.1.6.RELEASE]
	at org.apache.catalina.core.ApplicationFilterChain.internalDoFilter(ApplicationFilterChain.java:193) [tomcat-embed-core-9.0.17.jar:9.0.17]
	at org.apache.catalina.core.ApplicationFilterChain.doFilter(ApplicationFilterChain.java:166) [tomcat-embed-core-9.0.17.jar:9.0.17]
	at org.springframework.web.filter.CharacterEncodingFilter.doFilterInternal(CharacterEncodingFilter.java:200) [spring-web-5.1.6.RELEASE.jar:5.1.6.RELEASE]
	at org.springframework.web.filter.OncePerRequestFilter.doFilter(OncePerRequestFilter.java:107) [spring-web-5.1.6.RELEASE.jar:5.1.6.RELEASE]
	at org.apache.catalina.core.ApplicationFilterChain.internalDoFilter(ApplicationFilterChain.java:193) [tomcat-embed-core-9.0.17.jar:9.0.17]
	at org.apache.catalina.core.ApplicationFilterChain.doFilter(ApplicationFilterChain.java:166) [tomcat-embed-core-9.0.17.jar:9.0.17]
	at org.apache.catalina.core.StandardWrapperValve.invoke(StandardWrapperValve.java:200) [tomcat-embed-core-9.0.17.jar:9.0.17]
	at org.apache.catalina.core.StandardContextValve.invoke(StandardContextValve.java:96) [tomcat-embed-core-9.0.17.jar:9.0.17]
	at org.apache.catalina.authenticator.AuthenticatorBase.invoke(AuthenticatorBase.java:490) [tomcat-embed-core-9.0.17.jar:9.0.17]
	at org.apache.catalina.core.StandardHostValve.invoke(StandardHostValve.java:139) [tomcat-embed-core-9.0.17.jar:9.0.17]
	at org.apache.catalina.valves.ErrorReportValve.invoke(ErrorReportValve.java:92) [tomcat-embed-core-9.0.17.jar:9.0.17]
	at org.apache.catalina.core.StandardEngineValve.invoke(StandardEngineValve.java:74) [tomcat-embed-core-9.0.17.jar:9.0.17]
	at org.apache.catalina.connector.CoyoteAdapter.service(CoyoteAdapter.java:343) [tomcat-embed-core-9.0.17.jar:9.0.17]
	at org.apache.coyote.http11.Http11Processor.service(Http11Processor.java:408) [tomcat-embed-core-9.0.17.jar:9.0.17]
	at org.apache.coyote.AbstractProcessorLight.process(AbstractProcessorLight.java:66) [tomcat-embed-core-9.0.17.jar:9.0.17]
	at org.apache.coyote.AbstractProtocol$ConnectionHandler.process(AbstractProtocol.java:834) [tomcat-embed-core-9.0.17.jar:9.0.17]
	at org.apache.tomcat.util.net.NioEndpoint$SocketProcessor.doRun(NioEndpoint.java:1415) [tomcat-embed-core-9.0.17.jar:9.0.17]
	at org.apache.tomcat.util.net.SocketProcessorBase.run(SocketProcessorBase.java:49) [tomcat-embed-core-9.0.17.jar:9.0.17]
	at java.util.concurrent.ThreadPoolExecutor.runWorker(ThreadPoolExecutor.java:1142) [?:1.8.0_131]
	at java.util.concurrent.ThreadPoolExecutor$Worker.run(ThreadPoolExecutor.java:617) [?:1.8.0_131]
	at org.apache.tomcat.util.threads.TaskThread$WrappingRunnable.run(TaskThread.java:61) [tomcat-embed-core-9.0.17.jar:9.0.17]
	at java.lang.Thread.run(Thread.java:748) [?:1.8.0_131]
Caused by: org.postgresql.util.PSQLException: 错误: 语法错误 在 "user" 或附近的
  位置：13
	at org.postgresql.core.v3.QueryExecutorImpl.receiveErrorResponse(QueryExecutorImpl.java:2440) ~[postgresql-42.2.5.jar:42.2.5]
	at org.postgresql.core.v3.QueryExecutorImpl.processResults(QueryExecutorImpl.java:2183) ~[postgresql-42.2.5.jar:42.2.5]
	at org.postgresql.core.v3.QueryExecutorImpl.execute(QueryExecutorImpl.java:308) ~[postgresql-42.2.5.jar:42.2.5]
	at org.postgresql.jdbc.PgStatement.executeInternal(PgStatement.java:441) ~[postgresql-42.2.5.jar:42.2.5]
	at org.postgresql.jdbc.PgStatement.execute(PgStatement.java:365) ~[postgresql-42.2.5.jar:42.2.5]
	at org.postgresql.jdbc.PgPreparedStatement.executeWithFlags(PgPreparedStatement.java:143) ~[postgresql-42.2.5.jar:42.2.5]
	at org.postgresql.jdbc.PgPreparedStatement.executeUpdate(PgPreparedStatement.java:120) ~[postgresql-42.2.5.jar:42.2.5]
	at io.ebeaninternal.server.type.DataBind.executeUpdate(DataBind.java:82) ~[ebean-10.1.5.jar:?]
	at io.ebeaninternal.server.persist.dml.InsertHandler.execute(InsertHandler.java:122) ~[ebean-10.1.5.jar:?]
	at io.ebeaninternal.server.persist.dml.DmlBeanPersister.execute(DmlBeanPersister.java:75) ~[ebean-10.1.5.jar:?]
	... 66 more
[ERROR] 2019-09-27 16:41:10.669 [http-nio-127.0.0.1-8080-exec-1] [dispatcherServlet] - Servlet.service() for servlet [dispatcherServlet] in context with path [] threw exception [Request processing failed; nested exception is com.choc.blog.util.exception.ServiceException] with root cause
com.choc.blog.util.exception.ServiceException: null
	at com.choc.blog.service.UserService.addUser(UserService.kt:39) ~[main/:?]
	at com.choc.blog.controller.user.UserController.add(UserController.kt:29) ~[main/:?]
	at sun.reflect.NativeMethodAccessorImpl.invoke0(Native Method) ~[?:1.8.0_131]
	at sun.reflect.NativeMethodAccessorImpl.invoke(NativeMethodAccessorImpl.java:62) ~[?:1.8.0_131]
	at sun.reflect.DelegatingMethodAccessorImpl.invoke(DelegatingMethodAccessorImpl.java:43) ~[?:1.8.0_131]
	at java.lang.reflect.Method.invoke(Method.java:498) ~[?:1.8.0_131]
	at org.springframework.web.method.support.InvocableHandlerMethod.doInvoke(InvocableHandlerMethod.java:189) ~[spring-web-5.1.6.RELEASE.jar:5.1.6.RELEASE]
	at org.springframework.web.method.support.InvocableHandlerMethod.invokeForRequest(InvocableHandlerMethod.java:138) ~[spring-web-5.1.6.RELEASE.jar:5.1.6.RELEASE]
	at org.springframework.web.servlet.mvc.method.annotation.ServletInvocableHandlerMethod.invokeAndHandle(ServletInvocableHandlerMethod.java:102) ~[spring-webmvc-5.1.6.RELEASE.jar:5.1.6.RELEASE]
	at org.springframework.web.servlet.mvc.method.annotation.RequestMappingHandlerAdapter.invokeHandlerMethod(RequestMappingHandlerAdapter.java:892) ~[spring-webmvc-5.1.6.RELEASE.jar:5.1.6.RELEASE]
	at org.springframework.web.servlet.mvc.method.annotation.RequestMappingHandlerAdapter.handleInternal(RequestMappingHandlerAdapter.java:797) ~[spring-webmvc-5.1.6.RELEASE.jar:5.1.6.RELEASE]
	at org.springframework.web.servlet.mvc.method.AbstractHandlerMethodAdapter.handle(AbstractHandlerMethodAdapter.java:87) ~[spring-webmvc-5.1.6.RELEASE.jar:5.1.6.RELEASE]
	at org.springframework.web.servlet.DispatcherServlet.doDispatch(DispatcherServlet.java:1038) ~[spring-webmvc-5.1.6.RELEASE.jar:5.1.6.RELEASE]
	at org.springframework.web.servlet.DispatcherServlet.doService(DispatcherServlet.java:942) ~[spring-webmvc-5.1.6.RELEASE.jar:5.1.6.RELEASE]
	at org.springframework.web.servlet.FrameworkServlet.processRequest(FrameworkServlet.java:1005) ~[spring-webmvc-5.1.6.RELEASE.jar:5.1.6.RELEASE]
	at org.springframework.web.servlet.FrameworkServlet.doGet(FrameworkServlet.java:897) ~[spring-webmvc-5.1.6.RELEASE.jar:5.1.6.RELEASE]
	at javax.servlet.http.HttpServlet.service(HttpServlet.java:634) ~[tomcat-embed-core-9.0.17.jar:9.0.17]
	at org.springframework.web.servlet.FrameworkServlet.service(FrameworkServlet.java:882) ~[spring-webmvc-5.1.6.RELEASE.jar:5.1.6.RELEASE]
	at javax.servlet.http.HttpServlet.service(HttpServlet.java:741) ~[tomcat-embed-core-9.0.17.jar:9.0.17]
	at org.apache.catalina.core.ApplicationFilterChain.internalDoFilter(ApplicationFilterChain.java:231) ~[tomcat-embed-core-9.0.17.jar:9.0.17]
	at org.apache.catalina.core.ApplicationFilterChain.doFilter(ApplicationFilterChain.java:166) ~[tomcat-embed-core-9.0.17.jar:9.0.17]
	at org.apache.tomcat.websocket.server.WsFilter.doFilter(WsFilter.java:53) ~[tomcat-embed-websocket-9.0.17.jar:9.0.17]
	at org.apache.catalina.core.ApplicationFilterChain.internalDoFilter(ApplicationFilterChain.java:193) ~[tomcat-embed-core-9.0.17.jar:9.0.17]
	at org.apache.catalina.core.ApplicationFilterChain.doFilter(ApplicationFilterChain.java:166) ~[tomcat-embed-core-9.0.17.jar:9.0.17]
	at org.springframework.web.filter.RequestContextFilter.doFilterInternal(RequestContextFilter.java:99) ~[spring-web-5.1.6.RELEASE.jar:5.1.6.RELEASE]
	at org.springframework.web.filter.OncePerRequestFilter.doFilter(OncePerRequestFilter.java:107) ~[spring-web-5.1.6.RELEASE.jar:5.1.6.RELEASE]
	at org.apache.catalina.core.ApplicationFilterChain.internalDoFilter(ApplicationFilterChain.java:193) ~[tomcat-embed-core-9.0.17.jar:9.0.17]
	at org.apache.catalina.core.ApplicationFilterChain.doFilter(ApplicationFilterChain.java:166) ~[tomcat-embed-core-9.0.17.jar:9.0.17]
	at org.springframework.web.filter.FormContentFilter.doFilterInternal(FormContentFilter.java:92) ~[spring-web-5.1.6.RELEASE.jar:5.1.6.RELEASE]
	at org.springframework.web.filter.OncePerRequestFilter.doFilter(OncePerRequestFilter.java:107) ~[spring-web-5.1.6.RELEASE.jar:5.1.6.RELEASE]
	at org.apache.catalina.core.ApplicationFilterChain.internalDoFilter(ApplicationFilterChain.java:193) ~[tomcat-embed-core-9.0.17.jar:9.0.17]
	at org.apache.catalina.core.ApplicationFilterChain.doFilter(ApplicationFilterChain.java:166) ~[tomcat-embed-core-9.0.17.jar:9.0.17]
	at org.springframework.web.filter.HiddenHttpMethodFilter.doFilterInternal(HiddenHttpMethodFilter.java:93) ~[spring-web-5.1.6.RELEASE.jar:5.1.6.RELEASE]
	at org.springframework.web.filter.OncePerRequestFilter.doFilter(OncePerRequestFilter.java:107) ~[spring-web-5.1.6.RELEASE.jar:5.1.6.RELEASE]
	at org.apache.catalina.core.ApplicationFilterChain.internalDoFilter(ApplicationFilterChain.java:193) ~[tomcat-embed-core-9.0.17.jar:9.0.17]
	at org.apache.catalina.core.ApplicationFilterChain.doFilter(ApplicationFilterChain.java:166) ~[tomcat-embed-core-9.0.17.jar:9.0.17]
	at org.springframework.web.filter.CharacterEncodingFilter.doFilterInternal(CharacterEncodingFilter.java:200) ~[spring-web-5.1.6.RELEASE.jar:5.1.6.RELEASE]
	at org.springframework.web.filter.OncePerRequestFilter.doFilter(OncePerRequestFilter.java:107) ~[spring-web-5.1.6.RELEASE.jar:5.1.6.RELEASE]
	at org.apache.catalina.core.ApplicationFilterChain.internalDoFilter(ApplicationFilterChain.java:193) ~[tomcat-embed-core-9.0.17.jar:9.0.17]
	at org.apache.catalina.core.ApplicationFilterChain.doFilter(ApplicationFilterChain.java:166) ~[tomcat-embed-core-9.0.17.jar:9.0.17]
	at org.apache.catalina.core.StandardWrapperValve.invoke(StandardWrapperValve.java:200) [tomcat-embed-core-9.0.17.jar:9.0.17]
	at org.apache.catalina.core.StandardContextValve.invoke(StandardContextValve.java:96) [tomcat-embed-core-9.0.17.jar:9.0.17]
	at org.apache.catalina.authenticator.AuthenticatorBase.invoke(AuthenticatorBase.java:490) [tomcat-embed-core-9.0.17.jar:9.0.17]
	at org.apache.catalina.core.StandardHostValve.invoke(StandardHostValve.java:139) [tomcat-embed-core-9.0.17.jar:9.0.17]
	at org.apache.catalina.valves.ErrorReportValve.invoke(ErrorReportValve.java:92) [tomcat-embed-core-9.0.17.jar:9.0.17]
	at org.apache.catalina.core.StandardEngineValve.invoke(StandardEngineValve.java:74) [tomcat-embed-core-9.0.17.jar:9.0.17]
	at org.apache.catalina.connector.CoyoteAdapter.service(CoyoteAdapter.java:343) [tomcat-embed-core-9.0.17.jar:9.0.17]
	at org.apache.coyote.http11.Http11Processor.service(Http11Processor.java:408) [tomcat-embed-core-9.0.17.jar:9.0.17]
	at org.apache.coyote.AbstractProcessorLight.process(AbstractProcessorLight.java:66) [tomcat-embed-core-9.0.17.jar:9.0.17]
	at org.apache.coyote.AbstractProtocol$ConnectionHandler.process(AbstractProtocol.java:834) [tomcat-embed-core-9.0.17.jar:9.0.17]
	at org.apache.tomcat.util.net.NioEndpoint$SocketProcessor.doRun(NioEndpoint.java:1415) [tomcat-embed-core-9.0.17.jar:9.0.17]
	at org.apache.tomcat.util.net.SocketProcessorBase.run(SocketProcessorBase.java:49) [tomcat-embed-core-9.0.17.jar:9.0.17]
	at java.util.concurrent.ThreadPoolExecutor.runWorker(ThreadPoolExecutor.java:1142) [?:1.8.0_131]
	at java.util.concurrent.ThreadPoolExecutor$Worker.run(ThreadPoolExecutor.java:617) [?:1.8.0_131]
	at org.apache.tomcat.util.threads.TaskThread$WrappingRunnable.run(TaskThread.java:61) [tomcat-embed-core-9.0.17.jar:9.0.17]
	at java.lang.Thread.run(Thread.java:748) [?:1.8.0_131]
